Using pre-set license
Built from '2020.3/staging' branch; Version is '2020.3.17f1 (a4537701e4ab) revision 10769271'; Using compiler version '192528614'; Build Type 'Release'
OS: 'Windows 10 Home; OS build 19042.1288; Version 2009; 64bit' Language: 'en' Physical Memory: 16230 MB
BatchMode: 1, IsHumanControllingUs: 0, StartBugReporterOnCrash: 0, Is64bit: 1, IsPro: 0

COMMAND LINE ARGUMENTS:
C:\Program Files\Unity\Hub\Editor\2020.3.17f1\Editor\Unity.exe
-adb2
-batchMode
-noUpm
-name
AssetImportWorker0
-projectPath
E:/School/Fall 2021/Studio I/WalkingSim/WalkingSim-SourceTree/WalkingSimMain
-logFile
Logs/AssetImportWorker0.log
-srvPort
58956
Successfully changed project path to: E:/School/Fall 2021/Studio I/WalkingSim/WalkingSim-SourceTree/WalkingSimMain
E:/School/Fall 2021/Studio I/WalkingSim/WalkingSim-SourceTree/WalkingSimMain
Using Asset Import Pipeline V2.
Refreshing native plugins compatible for Editor in 62.46 ms, found 2 plugins.
Preloading 0 native plugins for Editor in 0.00 ms.
Initialize engine version: 2020.3.17f1 (a4537701e4ab)
[Subsystems] Discovering subsystems at path C:/Program Files/Unity/Hub/Editor/2020.3.17f1/Editor/Data/Resources/UnitySubsystems
[Subsystems] Discovering subsystems at path E:/School/Fall 2021/Studio I/WalkingSim/WalkingSim-SourceTree/WalkingSimMain/Assets
GfxDevice: creating device client; threaded=0
Direct3D:
    Version:  Direct3D 11.0 [level 11.1]
    Renderer: NVIDIA GeForce GTX 1060 (ID=0x1c20)
    Vendor:   
    VRAM:     6052 MB
    Driver:   26.21.14.3086
Initialize mono
Mono path[0] = 'C:/Program Files/Unity/Hub/Editor/2020.3.17f1/Editor/Data/Managed'
Mono path[1] = 'C:/Program Files/Unity/Hub/Editor/2020.3.17f1/Editor/Data/MonoBleedingEdge/lib/mono/unityjit'
Mono config path = 'C:/Program Files/Unity/Hub/Editor/2020.3.17f1/Editor/Data/MonoBleedingEdge/etc'
Using monoOptions --debugger-agent=transport=dt_socket,embedding=1,server=y,suspend=n,address=127.0.0.1:56024
Begin MonoManager ReloadAssembly
Registering precompiled unity dll's ...
Register platform support module: C:/Program Files/Unity/Hub/Editor/2020.3.17f1/Editor/Data/PlaybackEngines/WebGLSupport/UnityEditor.WebGL.Extensions.dll
Register platform support module: C:/Program Files/Unity/Hub/Editor/2020.3.17f1/Editor/Data/PlaybackEngines/WindowsStandaloneSupport/UnityEditor.WindowsStandalone.Extensions.dll
Registered in 0.003273 seconds.
Native extension for WindowsStandalone target not found
Native extension for WebGL target not found
Refreshing native plugins compatible for Editor in 50.99 ms, found 2 plugins.
Preloading 0 native plugins for Editor in 0.00 ms.
Mono: successfully reloaded assembly
- Completed reload, in  2.224 seconds
Domain Reload Profiling:
	ReloadAssembly (2224ms)
		BeginReloadAssembly (128ms)
			ExecutionOrderSort (0ms)
			DisableScriptedObjects (0ms)
			BackupInstance (0ms)
			ReleaseScriptingObjects (0ms)
			CreateAndSetChildDomain (1ms)
		EndReloadAssembly (655ms)
			LoadAssemblies (123ms)
			RebuildTransferFunctionScriptingTraits (0ms)
			SetupTypeCache (218ms)
			ReleaseScriptCaches (0ms)
			RebuildScriptCaches (43ms)
			SetupLoadedEditorAssemblies (275ms)
				LogAssemblyErrors (0ms)
				InitializePlatformSupportModulesInManaged (6ms)
				SetLoadedEditorAssemblies (0ms)
				RefreshPlugins (51ms)
				BeforeProcessingInitializeOnLoad (21ms)
				ProcessInitializeOnLoadAttributes (135ms)
				ProcessInitializeOnLoadMethodAttributes (62ms)
				AfterProcessingInitializeOnLoad (0ms)
				EditorAssembliesLoaded (0ms)
			ExecutionOrderSort2 (0ms)
			AwakeInstancesAfterBackupRestoration (0ms)
Platform modules already initialized, skipping
Registering precompiled user dll's ...
Registered in 0.005275 seconds.
Begin MonoManager ReloadAssembly
Native extension for WindowsStandalone target not found
Native extension for WebGL target not found
Refreshing native plugins compatible for Editor in 0.45 ms, found 2 plugins.
Preloading 0 native plugins for Editor in 0.00 ms.
Mono: successfully reloaded assembly
- Completed reload, in  1.406 seconds
Domain Reload Profiling:
	ReloadAssembly (1407ms)
		BeginReloadAssembly (181ms)
			ExecutionOrderSort (0ms)
			DisableScriptedObjects (6ms)
			BackupInstance (0ms)
			ReleaseScriptingObjects (0ms)
			CreateAndSetChildDomain (22ms)
		EndReloadAssembly (1152ms)
			LoadAssemblies (118ms)
			RebuildTransferFunctionScriptingTraits (0ms)
			SetupTypeCache (352ms)
			ReleaseScriptCaches (0ms)
			RebuildScriptCaches (79ms)
			SetupLoadedEditorAssemblies (455ms)
				LogAssemblyErrors (0ms)
				InitializePlatformSupportModulesInManaged (7ms)
				SetLoadedEditorAssemblies (1ms)
				RefreshPlugins (1ms)
				BeforeProcessingInitializeOnLoad (99ms)
				ProcessInitializeOnLoadAttributes (331ms)
				ProcessInitializeOnLoadMethodAttributes (8ms)
				AfterProcessingInitializeOnLoad (9ms)
				EditorAssembliesLoaded (0ms)
			ExecutionOrderSort2 (0ms)
			AwakeInstancesAfterBackupRestoration (9ms)
Platform modules already initialized, skipping
========================================================================
Worker process is ready to serve import requests
Launched and connected shader compiler UnityShaderCompiler.exe after 0.07 seconds
Refreshing native plugins compatible for Editor in 0.42 ms, found 2 plugins.
Preloading 0 native plugins for Editor in 0.00 ms.
Unloading 1890 Unused Serialized files (Serialized files now loaded: 0)
System memory in use before: 173.3 MB.
System memory in use after: 173.4 MB.

Unloading 21 unused Assets to reduce memory usage. Loaded Objects now: 2352.
Total: 3.164300 ms (FindLiveObjects: 0.215400 ms CreateObjectMapping: 0.086100 ms MarkObjects: 2.834700 ms  DeleteObjects: 0.027200 ms)

AssetImportParameters requested are different than current active one (requested -> active):
  custom:framework-win-MediaFoundation: 216162199b28c13a410421893ffa2e32 -> 
  custom:video-decoder-ogg-theora: a1e56fd34408186e4bbccfd4996cb3dc -> 
  custom:container-muxer-webm: aa71ff27fc2769a1b78a27578f13a17b -> 
  custom:container-demuxer-webm: 4f35f7cbe854078d1ac9338744f61a02 -> 
  custom:container-demuxer-ogg: 62fdf1f143b41e24485cea50d1cbac27 -> 
  custom:video-encoder-webm-vp8: eb34c28f22e8b96e1ab97ce403110664 -> 
  custom:video-decoder-webm-vp8: 9c59270c3fd7afecdb556c50c9e8de78 -> 
  custom:audio-decoder-ogg-vorbis: bf7c407c2cedff20999df2af8eb42d56 -> 
  custom:audio-encoder-webm-vorbis: bf7c407c2cedff20999df2af8eb42d56 -> 
========================================================================
Received Import Request.
  path: Assets/EverythingLibrary_Animals_001.fbx
  artifactKey: Guid(f7ae7beda32703d45aedabc0816054e2) Importer(815301076,1909f56bfc062723c751e8b465ee728b)
Start importing Assets/EverythingLibrary_Animals_001.fbx using Guid(f7ae7beda32703d45aedabc0816054e2) Importer(815301076,1909f56bfc062723c751e8b465ee728b)  -> (artifact id: '5f67bb42b198dda2db4abffb65621ec0') in 1.300613 seconds 
  Import took 1.306389 seconds .

========================================================================
Received Import Request.
  Time since last request: 0.000319 seconds.
  path: Assets/EverythingLibrary_Buildings_001.fbx
  artifactKey: Guid(88f0573c8ce07a64b837aea58039cf38) Importer(815301076,1909f56bfc062723c751e8b465ee728b)
Start importing Assets/EverythingLibrary_Buildings_001.fbx using Guid(88f0573c8ce07a64b837aea58039cf38) Importer(815301076,1909f56bfc062723c751e8b465ee728b)  -> (artifact id: '7d508e3ad665ad27d6611993fe024d25') in 1.837633 seconds 
  Import took 1.846384 seconds .

========================================================================
Received Import Request.
  Time since last request: 0.000304 seconds.
  path: Assets/EverythingLibrary_Consumables_002.fbx
  artifactKey: Guid(0f902fee52cc97441ab7e63b55b7d19c) Importer(815301076,1909f56bfc062723c751e8b465ee728b)
Start importing Assets/EverythingLibrary_Consumables_002.fbx using Guid(0f902fee52cc97441ab7e63b55b7d19c) Importer(815301076,1909f56bfc062723c751e8b465ee728b)  -> (artifact id: '907c10c7181877bea803bee5f157ee72') in 0.729279 seconds 
  Import took 0.734065 seconds .

========================================================================
Received Import Request.
  Time since last request: 0.000253 seconds.
  path: Assets/FreeMountain/Free_Mountain.FBX
  artifactKey: Guid(633aba7763524e74d8aed8ad42e74506) Importer(815301076,1909f56bfc062723c751e8b465ee728b)
Start importing Assets/FreeMountain/Free_Mountain.FBX using Guid(633aba7763524e74d8aed8ad42e74506) Importer(815301076,1909f56bfc062723c751e8b465ee728b)  -> (artifact id: '83bf36ce93fa32f2563dbd0b608bca6e') in 0.029114 seconds 
  Import took 0.032714 seconds .

========================================================================
Received Import Request.
  Time since last request: 0.000267 seconds.
  path: Assets/EverythingLibrary_Furnishings_001.fbx
  artifactKey: Guid(1e7b7aa28000eee46a00f334970493b2) Importer(815301076,1909f56bfc062723c751e8b465ee728b)
Start importing Assets/EverythingLibrary_Furnishings_001.fbx using Guid(1e7b7aa28000eee46a00f334970493b2) Importer(815301076,1909f56bfc062723c751e8b465ee728b)  -> (artifact id: '107a9a974327e00a0706eb97321c52ae') in 1.243949 seconds 
  Import took 1.249501 seconds .

========================================================================
Received Import Request.
  Time since last request: 0.000268 seconds.
  path: Assets/EverythingLibrary_Geology_001.fbx
  artifactKey: Guid(2007e7dbb5fd2a44280a0978afa1ab49) Importer(815301076,1909f56bfc062723c751e8b465ee728b)
Start importing Assets/EverythingLibrary_Geology_001.fbx using Guid(2007e7dbb5fd2a44280a0978afa1ab49) Importer(815301076,1909f56bfc062723c751e8b465ee728b)  -> (artifact id: '5071aa441b6da5220a0911f90ada6b15') in 1.870718 seconds 
  Import took 1.878005 seconds .

========================================================================
Received Import Request.
  Time since last request: 0.000260 seconds.
  path: Assets/Scenes/SampleScene.unity
  artifactKey: Guid(9fc0d4010bbf28b4594072e72b8655ab) Importer(815301076,1909f56bfc062723c751e8b465ee728b)
Start importing Assets/Scenes/SampleScene.unity using Guid(9fc0d4010bbf28b4594072e72b8655ab) Importer(815301076,1909f56bfc062723c751e8b465ee728b)  -> (artifact id: 'e86b657ec972b136eb61f0f17c308f78') in 0.009810 seconds 
  Import took 0.013059 seconds .

AssetImportWorkerClient::OnTransportError - code=2 error=End of file
