Using pre-set license
Built from '2020.3/staging' branch; Version is '2020.3.17f1 (a4537701e4ab) revision 10769271'; Using compiler version '192528614'; Build Type 'Release'
OS: 'Windows 10 Home; OS build 19042.1237; Version 2009; 64bit' Language: 'en' Physical Memory: 16262 MB
BatchMode: 1, IsHumanControllingUs: 0, StartBugReporterOnCrash: 0, Is64bit: 1, IsPro: 0

COMMAND LINE ARGUMENTS:
D:\2020.3.17f1\Editor\Unity.exe
-adb2
-batchMode
-noUpm
-name
AssetImportWorker0
-projectPath
C:/Users/swath/OneDrive/Documents/WalkingSimFolder/WalkingSim-2021-Fall/WalkingSim
-logFile
Logs/AssetImportWorker0.log
-srvPort
51632
Successfully changed project path to: C:/Users/swath/OneDrive/Documents/WalkingSimFolder/WalkingSim-2021-Fall/WalkingSim
C:/Users/swath/OneDrive/Documents/WalkingSimFolder/WalkingSim-2021-Fall/WalkingSim
Using Asset Import Pipeline V2.
Refreshing native plugins compatible for Editor in 32.97 ms, found 2 plugins.
Preloading 0 native plugins for Editor in 0.00 ms.
Initialize engine version: 2020.3.17f1 (a4537701e4ab)
[Subsystems] Discovering subsystems at path D:/2020.3.17f1/Editor/Data/Resources/UnitySubsystems
[Subsystems] Discovering subsystems at path C:/Users/swath/OneDrive/Documents/WalkingSimFolder/WalkingSim-2021-Fall/WalkingSim/Assets
GfxDevice: creating device client; threaded=0
Direct3D:
    Version:  Direct3D 11.0 [level 11.1]
    Renderer: NVIDIA GeForce GTX 1060 (ID=0x1c20)
    Vendor:   
    VRAM:     6052 MB
    Driver:   30.0.14.7212
Initialize mono
Mono path[0] = 'D:/2020.3.17f1/Editor/Data/Managed'
Mono path[1] = 'D:/2020.3.17f1/Editor/Data/MonoBleedingEdge/lib/mono/unityjit'
Mono config path = 'D:/2020.3.17f1/Editor/Data/MonoBleedingEdge/etc'
Using monoOptions --debugger-agent=transport=dt_socket,embedding=1,server=y,suspend=n,address=127.0.0.1:56104
Begin MonoManager ReloadAssembly
Registering precompiled unity dll's ...
Register platform support module: D:/2020.3.17f1/Editor/Data/PlaybackEngines/WebGLSupport/UnityEditor.WebGL.Extensions.dll
Register platform support module: D:/2020.3.17f1/Editor/Data/PlaybackEngines/WindowsStandaloneSupport/UnityEditor.WindowsStandalone.Extensions.dll
Registered in 0.001394 seconds.
Native extension for WindowsStandalone target not found
Native extension for WebGL target not found
Refreshing native plugins compatible for Editor in 31.80 ms, found 2 plugins.
Preloading 0 native plugins for Editor in 0.00 ms.
Mono: successfully reloaded assembly
- Completed reload, in  0.941 seconds
Domain Reload Profiling:
	ReloadAssembly (941ms)
		BeginReloadAssembly (54ms)
			ExecutionOrderSort (0ms)
			DisableScriptedObjects (0ms)
			BackupInstance (0ms)
			ReleaseScriptingObjects (0ms)
			CreateAndSetChildDomain (1ms)
		EndReloadAssembly (404ms)
			LoadAssemblies (53ms)
			RebuildTransferFunctionScriptingTraits (0ms)
			SetupTypeCache (156ms)
			ReleaseScriptCaches (0ms)
			RebuildScriptCaches (34ms)
			SetupLoadedEditorAssemblies (156ms)
				LogAssemblyErrors (0ms)
				InitializePlatformSupportModulesInManaged (5ms)
				SetLoadedEditorAssemblies (0ms)
				RefreshPlugins (32ms)
				BeforeProcessingInitializeOnLoad (10ms)
				ProcessInitializeOnLoadAttributes (81ms)
				ProcessInitializeOnLoadMethodAttributes (28ms)
				AfterProcessingInitializeOnLoad (0ms)
				EditorAssembliesLoaded (0ms)
			ExecutionOrderSort2 (0ms)
			AwakeInstancesAfterBackupRestoration (0ms)
Platform modules already initialized, skipping
Registering precompiled user dll's ...
Registered in 0.004181 seconds.
Begin MonoManager ReloadAssembly
Native extension for WindowsStandalone target not found
Native extension for WebGL target not found
Refreshing native plugins compatible for Editor in 0.30 ms, found 2 plugins.
Preloading 0 native plugins for Editor in 0.00 ms.
Mono: successfully reloaded assembly
- Completed reload, in  1.064 seconds
Domain Reload Profiling:
	ReloadAssembly (1065ms)
		BeginReloadAssembly (150ms)
			ExecutionOrderSort (0ms)
			DisableScriptedObjects (4ms)
			BackupInstance (0ms)
			ReleaseScriptingObjects (0ms)
			CreateAndSetChildDomain (18ms)
		EndReloadAssembly (853ms)
			LoadAssemblies (82ms)
			RebuildTransferFunctionScriptingTraits (0ms)
			SetupTypeCache (276ms)
			ReleaseScriptCaches (0ms)
			RebuildScriptCaches (40ms)
			SetupLoadedEditorAssemblies (354ms)
				LogAssemblyErrors (0ms)
				InitializePlatformSupportModulesInManaged (6ms)
				SetLoadedEditorAssemblies (0ms)
				RefreshPlugins (0ms)
				BeforeProcessingInitializeOnLoad (50ms)
				ProcessInitializeOnLoadAttributes (291ms)
				ProcessInitializeOnLoadMethodAttributes (4ms)
				AfterProcessingInitializeOnLoad (2ms)
				EditorAssembliesLoaded (0ms)
			ExecutionOrderSort2 (0ms)
			AwakeInstancesAfterBackupRestoration (7ms)
Platform modules already initialized, skipping
========================================================================
Worker process is ready to serve import requests
Launched and connected shader compiler UnityShaderCompiler.exe after 0.07 seconds
Refreshing native plugins compatible for Editor in 0.29 ms, found 2 plugins.
Preloading 0 native plugins for Editor in 0.00 ms.
Unloading 1406 Unused Serialized files (Serialized files now loaded: 0)
System memory in use before: 65.5 MB.
System memory in use after: 65.6 MB.

Unloading 18 unused Assets to reduce memory usage. Loaded Objects now: 1839.
Total: 2.640900 ms (FindLiveObjects: 0.153200 ms CreateObjectMapping: 0.041500 ms MarkObjects: 2.384900 ms  DeleteObjects: 0.060300 ms)

AssetImportParameters requested are different than current active one (requested -> active):
  custom:framework-win-MediaFoundation: 216162199b28c13a410421893ffa2e32 -> 
  custom:video-decoder-ogg-theora: a1e56fd34408186e4bbccfd4996cb3dc -> 
  custom:container-muxer-webm: aa71ff27fc2769a1b78a27578f13a17b -> 
  custom:container-demuxer-webm: 4f35f7cbe854078d1ac9338744f61a02 -> 
  custom:container-demuxer-ogg: 62fdf1f143b41e24485cea50d1cbac27 -> 
  custom:video-encoder-webm-vp8: eb34c28f22e8b96e1ab97ce403110664 -> 
  custom:video-decoder-webm-vp8: 9c59270c3fd7afecdb556c50c9e8de78 -> 
  custom:audio-decoder-ogg-vorbis: bf7c407c2cedff20999df2af8eb42d56 -> 
  custom:audio-encoder-webm-vorbis: bf7c407c2cedff20999df2af8eb42d56 -> 
========================================================================
Received Import Request.
  path: Assets/Scenes/EverythingLibrary_Geology
  artifactKey: Guid(d0fef2db86f557d49b1b0d4f7c74cac7) Importer(815301076,1909f56bfc062723c751e8b465ee728b)
Start importing Assets/Scenes/EverythingLibrary_Geology using Guid(d0fef2db86f557d49b1b0d4f7c74cac7) Importer(815301076,1909f56bfc062723c751e8b465ee728b)  -> (artifact id: '502161c0e452eb5aee2acdd198e49c47') in 0.009672 seconds 
  Import took 0.012518 seconds .

========================================================================
Received Import Request.
  Time since last request: 36.830898 seconds.
  path: Assets/Scenes/EverythingLibrary_Geology/EverythingLibrary_Geology_001.fbx
  artifactKey: Guid(94270c88772968642880706ee926ad59) Importer(815301076,1909f56bfc062723c751e8b465ee728b)
Start importing Assets/Scenes/EverythingLibrary_Geology/EverythingLibrary_Geology_001.fbx using Guid(94270c88772968642880706ee926ad59) Importer(815301076,1909f56bfc062723c751e8b465ee728b)  -> (artifact id: 'f2ce2ce13107b11bad2a9c67fddfb22d') in 2.198921 seconds 
  Import took 2.206070 seconds .

========================================================================
Received Import Request.
  Time since last request: 0.648353 seconds.
  path: Assets/Scenes/EverythingLibrary_Geology/EverythingLibrary_Geology_001.blend
  artifactKey: Guid(9aea1f3177f931746b8624929f22ca20) Importer(815301076,1909f56bfc062723c751e8b465ee728b)
Start importing Assets/Scenes/EverythingLibrary_Geology/EverythingLibrary_Geology_001.blend using Guid(9aea1f3177f931746b8624929f22ca20) Importer(815301076,1909f56bfc062723c751e8b465ee728b)  -> (artifact id: '1598e45af6f1636ba6c7fcd9206ce361') in 0.009675 seconds 
  Import took 0.012281 seconds .

========================================================================
Received Import Request.
  Time since last request: 0.001344 seconds.
  path: Assets/Scenes/EverythingLibrary_Geology/EverythingLibrary_Geology_001.blend
  artifactKey: Guid(9aea1f3177f931746b8624929f22ca20) Importer(815301076,1909f56bfc062723c751e8b465ee728b)
Start importing Assets/Scenes/EverythingLibrary_Geology/EverythingLibrary_Geology_001.blend using Guid(9aea1f3177f931746b8624929f22ca20) Importer(815301076,1909f56bfc062723c751e8b465ee728b)  -> (artifact id: '1598e45af6f1636ba6c7fcd9206ce361') in 0.002787 seconds 
  Import took 0.005802 seconds .

========================================================================
Received Import Request.
  Time since last request: 373.295268 seconds.
  path: Assets/New Terrain.asset
  artifactKey: Guid(566e60ecf0e882c4cb7b6da444025c0f) Importer(815301076,1909f56bfc062723c751e8b465ee728b)
Start importing Assets/New Terrain.asset using Guid(566e60ecf0e882c4cb7b6da444025c0f) Importer(815301076,1909f56bfc062723c751e8b465ee728b)  -> (artifact id: '29aa41d80004a379fb085804e3b3ea81') in 0.018938 seconds 
  Import took 0.022294 seconds .

========================================================================
Received Import Request.
  Time since last request: 141.863088 seconds.
  path: Assets/First Person Drifter Controller/Scripts
  artifactKey: Guid(0e4333dd51032464c9d8463cde29b247) Importer(815301076,1909f56bfc062723c751e8b465ee728b)
Start importing Assets/First Person Drifter Controller/Scripts using Guid(0e4333dd51032464c9d8463cde29b247) Importer(815301076,1909f56bfc062723c751e8b465ee728b)  -> (artifact id: 'd086121e2fd1f29156015f17958680d1') in 0.008368 seconds 
  Import took 0.012188 seconds .

========================================================================
Received Import Request.
  Time since last request: 1.300400 seconds.
  path: Assets/New Terrain.asset
  artifactKey: Guid(566e60ecf0e882c4cb7b6da444025c0f) Importer(815301076,1909f56bfc062723c751e8b465ee728b)
Start importing Assets/New Terrain.asset using Guid(566e60ecf0e882c4cb7b6da444025c0f) Importer(815301076,1909f56bfc062723c751e8b465ee728b)  -> (artifact id: '5cb50038904373b0d60510f7b276b189') in 0.008208 seconds 
  Import took 0.011867 seconds .

========================================================================
Received Import Request.
  Time since last request: 0.513856 seconds.
  path: Assets
  artifactKey: Guid(00000000000000001000000000000000) Importer(815301076,1909f56bfc062723c751e8b465ee728b)
Start importing Assets using Guid(00000000000000001000000000000000) Importer(815301076,1909f56bfc062723c751e8b465ee728b)  -> (artifact id: '42d402b061de3733987d63b9cc3b64de') in 0.007658 seconds 
  Import took 0.011303 seconds .

========================================================================
Received Import Request.
  Time since last request: 6.991203 seconds.
  path: Assets/Materials
  artifactKey: Guid(25328bf0f64a9204489f7a0a36896739) Importer(815301076,1909f56bfc062723c751e8b465ee728b)
Start importing Assets/Materials using Guid(25328bf0f64a9204489f7a0a36896739) Importer(815301076,1909f56bfc062723c751e8b465ee728b)  -> (artifact id: '850cb7abe612b6e303ff6dcf2710e37a') in 0.007862 seconds 
  Import took 0.010906 seconds .

========================================================================
Received Import Request.
  Time since last request: 70.371418 seconds.
  path: Assets/Ground.mat
  artifactKey: Guid(95a57e38fccd6c8428eaa9c54db75f1d) Importer(815301076,1909f56bfc062723c751e8b465ee728b)
Start importing Assets/Ground.mat using Guid(95a57e38fccd6c8428eaa9c54db75f1d) Importer(815301076,1909f56bfc062723c751e8b465ee728b)  -> (artifact id: '27f87ed4e65cb9f03483fa24889311a0') in 0.028878 seconds 
  Import took 0.031665 seconds .

========================================================================
Received Prepare
Registering precompiled user dll's ...
Registered in 0.004941 seconds.
Begin MonoManager ReloadAssembly
Native extension for WindowsStandalone target not found
Native extension for WebGL target not found
Refreshing native plugins compatible for Editor in 0.34 ms, found 2 plugins.
Preloading 0 native plugins for Editor in 0.00 ms.
Mono: successfully reloaded assembly
- Completed reload, in  1.067 seconds
Domain Reload Profiling:
	ReloadAssembly (1067ms)
		BeginReloadAssembly (107ms)
			ExecutionOrderSort (0ms)
			DisableScriptedObjects (4ms)
			BackupInstance (0ms)
			ReleaseScriptingObjects (0ms)
			CreateAndSetChildDomain (35ms)
		EndReloadAssembly (896ms)
			LoadAssemblies (88ms)
			RebuildTransferFunctionScriptingTraits (0ms)
			SetupTypeCache (295ms)
			ReleaseScriptCaches (1ms)
			RebuildScriptCaches (39ms)
			SetupLoadedEditorAssemblies (357ms)
				LogAssemblyErrors (0ms)
				InitializePlatformSupportModulesInManaged (7ms)
				SetLoadedEditorAssemblies (0ms)
				RefreshPlugins (0ms)
				BeforeProcessingInitializeOnLoad (52ms)
				ProcessInitializeOnLoadAttributes (291ms)
				ProcessInitializeOnLoadMethodAttributes (4ms)
				AfterProcessingInitializeOnLoad (3ms)
				EditorAssembliesLoaded (0ms)
			ExecutionOrderSort2 (0ms)
			AwakeInstancesAfterBackupRestoration (9ms)
Platform modules already initialized, skipping
Refreshing native plugins compatible for Editor in 0.35 ms, found 2 plugins.
Preloading 0 native plugins for Editor in 0.00 ms.
Unloading 1400 Unused Serialized files (Serialized files now loaded: 0)
System memory in use before: 70.7 MB.
System memory in use after: 70.2 MB.

Unloading 15 unused Assets to reduce memory usage. Loaded Objects now: 1885.
Total: 3.414600 ms (FindLiveObjects: 0.172600 ms CreateObjectMapping: 0.050500 ms MarkObjects: 2.805900 ms  DeleteObjects: 0.384900 ms)

AssetImportParameters requested are different than current active one (requested -> active):
  custom:framework-win-MediaFoundation: 216162199b28c13a410421893ffa2e32 -> 
  custom:video-decoder-ogg-theora: a1e56fd34408186e4bbccfd4996cb3dc -> 
  custom:container-muxer-webm: aa71ff27fc2769a1b78a27578f13a17b -> 
  custom:container-demuxer-webm: 4f35f7cbe854078d1ac9338744f61a02 -> 
  custom:container-demuxer-ogg: 62fdf1f143b41e24485cea50d1cbac27 -> 
  custom:video-encoder-webm-vp8: eb34c28f22e8b96e1ab97ce403110664 -> 
  custom:video-decoder-webm-vp8: 9c59270c3fd7afecdb556c50c9e8de78 -> 
  custom:audio-decoder-ogg-vorbis: bf7c407c2cedff20999df2af8eb42d56 -> 
  custom:audio-encoder-webm-vorbis: bf7c407c2cedff20999df2af8eb42d56 -> 
========================================================================
Received Import Request.
  Time since last request: 324.613054 seconds.
  path: Assets/TerrainData_ee64223a-e300-4582-a67d-377b1ad1e9f9.asset
  artifactKey: Guid(7002a57b4efd29f48a9b1807f3e2bcce) Importer(815301076,1909f56bfc062723c751e8b465ee728b)
Start importing Assets/TerrainData_ee64223a-e300-4582-a67d-377b1ad1e9f9.asset using Guid(7002a57b4efd29f48a9b1807f3e2bcce) Importer(815301076,1909f56bfc062723c751e8b465ee728b)  -> (artifact id: 'f74b80c6d6c42454296e71df9638e3b8') in 0.023395 seconds 
  Import took 0.027673 seconds .

========================================================================
Received Import Request.
  Time since last request: 149.174694 seconds.
  path: Assets/EverythingLibrary_Geology/EverythingLibrary_Buildings_001.fbx
  artifactKey: Guid(6c111e3d425cba54f87a44678b01ca60) Importer(815301076,1909f56bfc062723c751e8b465ee728b)
Start importing Assets/EverythingLibrary_Geology/EverythingLibrary_Buildings_001.fbx using Guid(6c111e3d425cba54f87a44678b01ca60) Importer(815301076,1909f56bfc062723c751e8b465ee728b)  -> (artifact id: '421d1d5bced3705961fde314a56ab140') in 2.028796 seconds 
  Import took 2.037410 seconds .

========================================================================
Received Import Request.
  Time since last request: 27.783082 seconds.
  path: Assets/EverythingLibrary_Geology/EverythingLibrary_Consumables_002.fbx
  artifactKey: Guid(88b7e5f85d7049e43a9a5c04db66e48b) Importer(815301076,1909f56bfc062723c751e8b465ee728b)
Start importing Assets/EverythingLibrary_Geology/EverythingLibrary_Consumables_002.fbx using Guid(88b7e5f85d7049e43a9a5c04db66e48b) Importer(815301076,1909f56bfc062723c751e8b465ee728b)  -> (artifact id: '65744967e6ff4f2db8dab422925fa5cb') in 0.818149 seconds 
  Import took 0.822936 seconds .

========================================================================
Received Prepare
Registering precompiled user dll's ...
Registered in 0.005839 seconds.
Begin MonoManager ReloadAssembly
Native extension for WindowsStandalone target not found
Native extension for WebGL target not found
Refreshing native plugins compatible for Editor in 0.36 ms, found 2 plugins.
Preloading 0 native plugins for Editor in 0.00 ms.
Mono: successfully reloaded assembly
- Completed reload, in  1.130 seconds
Domain Reload Profiling:
	ReloadAssembly (1130ms)
		BeginReloadAssembly (111ms)
			ExecutionOrderSort (0ms)
			DisableScriptedObjects (5ms)
			BackupInstance (0ms)
			ReleaseScriptingObjects (0ms)
			CreateAndSetChildDomain (33ms)
		EndReloadAssembly (956ms)
			LoadAssemblies (89ms)
			RebuildTransferFunctionScriptingTraits (0ms)
			SetupTypeCache (316ms)
			ReleaseScriptCaches (1ms)
			RebuildScriptCaches (41ms)
			SetupLoadedEditorAssemblies (383ms)
				LogAssemblyErrors (0ms)
				InitializePlatformSupportModulesInManaged (7ms)
				SetLoadedEditorAssemblies (1ms)
				RefreshPlugins (0ms)
				BeforeProcessingInitializeOnLoad (53ms)
				ProcessInitializeOnLoadAttributes (315ms)
				ProcessInitializeOnLoadMethodAttributes (4ms)
				AfterProcessingInitializeOnLoad (3ms)
				EditorAssembliesLoaded (0ms)
			ExecutionOrderSort2 (0ms)
			AwakeInstancesAfterBackupRestoration (8ms)
Platform modules already initialized, skipping
Refreshing native plugins compatible for Editor in 0.39 ms, found 2 plugins.
Preloading 0 native plugins for Editor in 0.00 ms.
Unloading 1400 Unused Serialized files (Serialized files now loaded: 0)
System memory in use before: 71.9 MB.
System memory in use after: 71.4 MB.

Unloading 15 unused Assets to reduce memory usage. Loaded Objects now: 1888.
Total: 3.187100 ms (FindLiveObjects: 0.151900 ms CreateObjectMapping: 0.039700 ms MarkObjects: 2.555300 ms  DeleteObjects: 0.439400 ms)

AssetImportParameters requested are different than current active one (requested -> active):
  custom:framework-win-MediaFoundation: 216162199b28c13a410421893ffa2e32 -> 
  custom:video-decoder-ogg-theora: a1e56fd34408186e4bbccfd4996cb3dc -> 
  custom:container-muxer-webm: aa71ff27fc2769a1b78a27578f13a17b -> 
  custom:container-demuxer-webm: 4f35f7cbe854078d1ac9338744f61a02 -> 
  custom:container-demuxer-ogg: 62fdf1f143b41e24485cea50d1cbac27 -> 
  custom:video-encoder-webm-vp8: eb34c28f22e8b96e1ab97ce403110664 -> 
  custom:video-decoder-webm-vp8: 9c59270c3fd7afecdb556c50c9e8de78 -> 
  custom:audio-decoder-ogg-vorbis: bf7c407c2cedff20999df2af8eb42d56 -> 
  custom:audio-encoder-webm-vorbis: bf7c407c2cedff20999df2af8eb42d56 -> 
AssetImportWorkerClient::OnTransportError - code=2 error=End of file
